<?xml version="1.0" encoding="UTF-8"?>
<testsuite name="com.example.restaurant.naver.NaverClientTest" tests="1" skipped="0" failures="0" errors="0" timestamp="2021-07-21T17:03:41" hostname="DESKTOP-VCVR00M" time="0.871">
  <properties/>
  <testcase name="multiValueTest()" classname="com.example.restaurant.naver.NaverClientTest" time="0.871"/>
  <system-out><![CDATA[02:03:39.782 [Test worker] DEBUG org.springframework.test.context.BootstrapUtils - Instantiating CacheAwareContextLoaderDelegate from class [org.springframework.test.context.cache.DefaultCacheAwareContextLoaderDelegate]
02:03:39.793 [Test worker] DEBUG org.springframework.test.context.BootstrapUtils - Instantiating BootstrapContext using constructor [public org.springframework.test.context.support.DefaultBootstrapContext(java.lang.Class,org.springframework.test.context.CacheAwareContextLoaderDelegate)]
02:03:39.823 [Test worker] DEBUG org.springframework.test.context.BootstrapUtils - Instantiating TestContextBootstrapper for test class [com.example.restaurant.naver.NaverClientTest] from class [org.springframework.boot.test.context.SpringBootTestContextBootstrapper]
02:03:39.833 [Test worker] INFO org.springframework.boot.test.context.SpringBootTestContextBootstrapper - Neither @ContextConfiguration nor @ContextHierarchy found for test class [com.example.restaurant.naver.NaverClientTest], using SpringBootContextLoader
02:03:39.837 [Test worker] DEBUG org.springframework.test.context.support.AbstractContextLoader - Did not detect default resource location for test class [com.example.restaurant.naver.NaverClientTest]: class path resource [com/example/restaurant/naver/NaverClientTest-context.xml] does not exist
02:03:39.837 [Test worker] DEBUG org.springframework.test.context.support.AbstractContextLoader - Did not detect default resource location for test class [com.example.restaurant.naver.NaverClientTest]: class path resource [com/example/restaurant/naver/NaverClientTestContext.groovy] does not exist
02:03:39.838 [Test worker] INFO org.springframework.test.context.support.AbstractContextLoader - Could not detect default resource locations for test class [com.example.restaurant.naver.NaverClientTest]: no resource found for suffixes {-context.xml, Context.groovy}.
02:03:39.838 [Test worker] INFO org.springframework.test.context.support.AnnotationConfigContextLoaderUtils - Could not detect default configuration classes for test class [com.example.restaurant.naver.NaverClientTest]: NaverClientTest does not declare any static, non-private, non-final, nested classes annotated with @Configuration.
02:03:39.878 [Test worker] DEBUG org.springframework.test.context.support.ActiveProfilesUtils - Could not find an 'annotation declaring class' for annotation type [org.springframework.test.context.ActiveProfiles] and class [com.example.restaurant.naver.NaverClientTest]
02:03:39.932 [Test worker] DEBUG org.springframework.context.annotation.ClassPathScanningCandidateComponentProvider - Identified candidate component class: file [C:\IdeaProjects\wishlist_project\build\classes\java\main\com\example\restaurant\RestaurantApplication.class]
02:03:39.933 [Test worker] INFO org.springframework.boot.test.context.SpringBootTestContextBootstrapper - Found @SpringBootConfiguration com.example.restaurant.RestaurantApplication for test class com.example.restaurant.naver.NaverClientTest
02:03:40.032 [Test worker] DEBUG org.springframework.boot.test.context.SpringBootTestContextBootstrapper - @TestExecutionListeners is not present for class [com.example.restaurant.naver.NaverClientTest]: using defaults.
02:03:40.032 [Test worker] INFO org.springframework.boot.test.context.SpringBootTestContextBootstrapper - Loaded default TestExecutionListener class names from location [META-INF/spring.factories]: [org.springframework.boot.test.autoconfigure.restdocs.RestDocsTestExecutionListener, org.springframework.boot.test.autoconfigure.web.client.MockRestServiceServerResetTestExecutionListener, org.springframework.boot.test.autoconfigure.web.servlet.MockMvcPrintOnlyOnFailureTestExecutionListener, org.springframework.boot.test.autoconfigure.web.servlet.WebDriverTestExecutionListener, org.springframework.boot.test.autoconfigure.webservices.client.MockWebServiceServerTestExecutionListener, org.springframework.boot.test.mock.mockito.MockitoTestExecutionListener, org.springframework.boot.test.mock.mockito.ResetMocksTestExecutionListener, org.springframework.test.context.web.ServletTestExecutionListener, org.springframework.test.context.support.DirtiesContextBeforeModesTestExecutionListener, org.springframework.test.context.event.ApplicationEventsTestExecutionListener, org.springframework.test.context.support.DependencyInjectionTestExecutionListener, org.springframework.test.context.support.DirtiesContextTestExecutionListener, org.springframework.test.context.transaction.TransactionalTestExecutionListener, org.springframework.test.context.jdbc.SqlScriptsTestExecutionListener, org.springframework.test.context.event.EventPublishingTestExecutionListener]
02:03:40.043 [Test worker] DEBUG org.springframework.boot.test.context.SpringBootTestContextBootstrapper - Skipping candidate TestExecutionListener [org.springframework.test.context.transaction.TransactionalTestExecutionListener] due to a missing dependency. Specify custom listener classes or make the default listener classes and their required dependencies available. Offending class: [org/springframework/transaction/interceptor/TransactionAttributeSource]
02:03:40.044 [Test worker] DEBUG org.springframework.boot.test.context.SpringBootTestContextBootstrapper - Skipping candidate TestExecutionListener [org.springframework.test.context.jdbc.SqlScriptsTestExecutionListener] due to a missing dependency. Specify custom listener classes or make the default listener classes and their required dependencies available. Offending class: [org/springframework/transaction/interceptor/TransactionAttribute]
02:03:40.044 [Test worker] INFO org.springframework.boot.test.context.SpringBootTestContextBootstrapper - Using TestExecutionListeners: [org.springframework.test.context.web.ServletTestExecutionListener@336e463c, org.springframework.test.context.support.DirtiesContextBeforeModesTestExecutionListener@1a1c8a4c, org.springframework.test.context.event.ApplicationEventsTestExecutionListener@1e9be884, org.springframework.boot.test.mock.mockito.MockitoTestExecutionListener@74977cc1, org.springframework.boot.test.autoconfigure.SpringBootDependencyInjectionTestExecutionListener@35098bc9, org.springframework.test.context.support.DirtiesContextTestExecutionListener@4bb939ce, org.springframework.test.context.event.EventPublishingTestExecutionListener@a2727f5, org.springframework.boot.test.autoconfigure.restdocs.RestDocsTestExecutionListener@45992304, org.springframework.boot.test.autoconfigure.web.client.MockRestServiceServerResetTestExecutionListener@3c37afbd, org.springframework.boot.test.autoconfigure.web.servlet.MockMvcPrintOnlyOnFailureTestExecutionListener@3ec296bc, org.springframework.boot.test.autoconfigure.web.servlet.WebDriverTestExecutionListener@de9161e, org.springframework.boot.test.autoconfigure.webservices.client.MockWebServiceServerTestExecutionListener@16485a4, org.springframework.boot.test.mock.mockito.ResetMocksTestExecutionListener@af9872]
02:03:40.047 [Test worker] DEBUG org.springframework.test.context.support.AbstractDirtiesContextTestExecutionListener - Before test class: context [DefaultTestContext@387bb030 testClass = NaverClientTest, testInstance = [null], testMethod = [null], testException = [null], mergedContextConfiguration = [WebMergedContextConfiguration@af7d033 testClass = NaverClientTest, locations = '{}', classes = '{class com.example.restaurant.RestaurantApplication}', contextInitializerClasses = '[]', activeProfiles = '{}', propertySourceLocations = '{}', propertySourceProperties = '{org.springframework.boot.test.context.SpringBootTestContextBootstrapper=true}', contextCustomizers = set[org.springframework.boot.test.autoconfigure.actuate.metrics.MetricsExportContextCustomizerFactory$DisableMetricExportContextCustomizer@6490cea7, org.springframework.boot.test.autoconfigure.properties.PropertyMappingContextCustomizer@0, org.springframework.boot.test.autoconfigure.web.servlet.WebDriverContextCustomizerFactory$Customizer@573c3f06, org.springframework.boot.test.context.filter.ExcludeFilterContextCustomizer@464b0ea0, org.springframework.boot.test.json.DuplicateJsonObjectContextCustomizerFactory$DuplicateJsonObjectContextCustomizer@30b5b8aa, org.springframework.boot.test.mock.mockito.MockitoContextCustomizer@0, org.springframework.boot.test.web.client.TestRestTemplateContextCustomizer@631c4c77, org.springframework.boot.test.context.SpringBootTestArgs@1, org.springframework.boot.test.context.SpringBootTestWebEnvironment@402478dd], resourceBasePath = 'src/main/webapp', contextLoader = 'org.springframework.boot.test.context.SpringBootContextLoader', parent = [null]], attributes = map['org.springframework.test.context.web.ServletTestExecutionListener.activateListener' -> true]], class annotated with @DirtiesContext [false] with mode [null].
02:03:40.077 [Test worker] DEBUG org.springframework.test.context.support.TestPropertySourceUtils - Adding inlined properties to environment: {spring.jmx.enabled=false, org.springframework.boot.test.context.SpringBootTestContextBootstrapper=true}

  .   ____          _            __ _ _
 /\\ / ___'_ __ _ _(_)_ __  __ _ \ \ \ \
( ( )\___ | '_ | '_| | '_ \/ _` | \ \ \ \
 \\/  ___)| |_)| | | | | || (_| |  ) ) ) )
  '  |____| .__|_| |_|_| |_\__, | / / / /
 =========|_|==============|___/=/_/_/_/
 :: Spring Boot ::                (v2.5.2)

2021-07-22 02:03:40.366  INFO 16764 --- [    Test worker] c.e.restaurant.naver.NaverClientTest     : Starting NaverClientTest using Java 11.0.11 on DESKTOP-VCVR00M with PID 16764 (started by c in C:\IdeaProjects\wishlist_project)
2021-07-22 02:03:40.368  INFO 16764 --- [    Test worker] c.e.restaurant.naver.NaverClientTest     : No active profile set, falling back to default profiles: default
2021-07-22 02:03:41.534  WARN 16764 --- [    Test worker] ion$DefaultTemplateResolverConfiguration : Cannot find template location: classpath:/templates/ (please add some templates or check your Thymeleaf configuration)
2021-07-22 02:03:41.636  INFO 16764 --- [    Test worker] c.e.restaurant.naver.NaverClientTest     : Started NaverClientTest in 1.551 seconds (JVM running for 2.706)
headers_getOrigin ::: 
null
==============================

result ::: SearchImgRes(lastBuildDate=Thu, 22 Jul 2021 02:03:42 +0900, total=49501, start=1, display=10, items=[SearchImgRes.SearchImgItem(title=춘천 중국집 3편 : 대화관, link=http://post.phinf.naver.net/MjAyMTAyMDhfMjc5/MDAxNjEyNzU3NTc1MDky.NV7QRhzx4uaWCYO4S99ZzAlLrDu-qTk5yqqDueNMvT8g.8F21s5lMmDeIW4OAGlsVAwPawgoeD4hXEzZJOi6wrDgg.JPEG/Ie3sAaY9IaZxPHBk1FOMp90rwhf8.jpg, thumbnail=https://search.pstatic.net/common/?src=http://post.phinf.naver.net/MjAyMTAyMDhfMjc5/MDAxNjEyNzU3NTc1MDky.NV7QRhzx4uaWCYO4S99ZzAlLrDu-qTk5yqqDueNMvT8g.8F21s5lMmDeIW4OAGlsVAwPawgoeD4hXEzZJOi6wrDgg.JPEG/Ie3sAaY9IaZxPHBk1FOMp90rwhf8.jpg&type=b150, sizeheight=4032, sizewidth=3024), SearchImgRes.SearchImgItem(title=동대문역 노포 화상 중국집 [신신원] , link=http://post.phinf.naver.net/MjAyMTA0MjZfMTQx/MDAxNjE5NDEwMTYwMzg5.JWIrgLdgvjwuYsTHz_cHyEXW_NFfZcVg87h3MNSPz34g.61zqXT1vhevMLL9urrKzs7UohzjzApwhnHqAWlISdGgg.JPEG/ItPUqI_L1WoFqr3LFGksT_6ilZ6w.jpg, thumbnail=https://search.pstatic.net/common/?src=http://post.phinf.naver.net/MjAyMTA0MjZfMTQx/MDAxNjE5NDEwMTYwMzg5.JWIrgLdgvjwuYsTHz_cHyEXW_NFfZcVg87h3MNSPz34g.61zqXT1vhevMLL9urrKzs7UohzjzApwhnHqAWlISdGgg.JPEG/ItPUqI_L1WoFqr3LFGksT_6ilZ6w.jpg&type=b150, sizeheight=1440, sizewidth=1080), SearchImgRes.SearchImgItem(title=청라 중국집 추억의 음식 짜장과 짬뽕, link=http://post.phinf.naver.net/MjAxNzAyMDhfMTEx/MDAxNDg2NTM4ODM3OTkw.2ouo0qGQIiXyuh2qOLQpsHJQxDQmS0XSjDq3xAbx-KIg.UWeA3nTVeDUOtVS-djAluOnLvmJphbth6x5PEJW0d-Ig.JPEG/IsH353i8f2tZhyKQJNjjizb_NVUk.jpg, thumbnail=https://search.pstatic.net/common/?src=http://post.phinf.naver.net/MjAxNzAyMDhfMTEx/MDAxNDg2NTM4ODM3OTkw.2ouo0qGQIiXyuh2qOLQpsHJQxDQmS0XSjDq3xAbx-KIg.UWeA3nTVeDUOtVS-djAluOnLvmJphbth6x5PEJW0d-Ig.JPEG/IsH353i8f2tZhyKQJNjjizb_NVUk.jpg&type=b150, sizeheight=3632, sizewidth=5456), SearchImgRes.SearchImgItem(title=입맛을 사로잡은 이색적인 중국집 맛집5, link=http://post.phinf.naver.net/MjAyMDEyMDZfMTAx/MDAxNjA3MjY2NjcwODUx.LPZXIKQBje0brvaCLiKO6R2HJ2adiQtkGVRyuUqOMxog.G-PDUYufFsTa7Zr_d3rGD8YOFGPDxV_N4VhdX4PF5Yog.PNG/IyNhyG3eQHm7dVG0A_HJSkzJwnZk.jpg, thumbnail=https://search.pstatic.net/common/?src=http://post.phinf.naver.net/MjAyMDEyMDZfMTAx/MDAxNjA3MjY2NjcwODUx.LPZXIKQBje0brvaCLiKO6R2HJ2adiQtkGVRyuUqOMxog.G-PDUYufFsTa7Zr_d3rGD8YOFGPDxV_N4VhdX4PF5Yog.PNG/IyNhyG3eQHm7dVG0A_HJSkzJwnZk.jpg&type=b150, sizeheight=908, sizewidth=1375), SearchImgRes.SearchImgItem(title=[대전중국집] 유성구맛집 메이문 차이니즈레스토랑 !!, link=http://img.ezmember.co.kr/cache/board/2014/03/13/2fc73d39d7ffed09f47e3490afd0e889.JPG, thumbnail=https://search.pstatic.net/sunny/?src=http://img.ezmember.co.kr/cache/board/2014/03/13/2fc73d39d7ffed09f47e3490afd0e889.JPG&type=b150, sizeheight=465, sizewidth=700), SearchImgRes.SearchImgItem(title=너무 푸짐했던 신림동 중국집 , link=http://post.phinf.naver.net/MjAyMTA3MDFfNjYg/MDAxNjI1MTIxOTA2NzMx.VJrIqC1_lWCjG-DLv_BWCoYkEWl2rcXcZNgbLE_nawwg.4MhhxopMszC5aKd04JTWVaDnXInQSnRijUddcZ7iCvEg.JPEG/ICiTVCh-P1YUW5D1YJkKc2C9-TI0.jpg, thumbnail=https://search.pstatic.net/common/?src=http://post.phinf.naver.net/MjAyMTA3MDFfNjYg/MDAxNjI1MTIxOTA2NzMx.VJrIqC1_lWCjG-DLv_BWCoYkEWl2rcXcZNgbLE_nawwg.4MhhxopMszC5aKd04JTWVaDnXInQSnRijUddcZ7iCvEg.JPEG/ICiTVCh-P1YUW5D1YJkKc2C9-TI0.jpg&type=b150, sizeheight=1456, sizewidth=1456), SearchImgRes.SearchImgItem(title=한그릇도 배달해주는 수유 맛집 위드차이나 중국집, link=http://post.phinf.naver.net/MjAxNzAxMjNfMjk3/MDAxNDg1MTU5NzMwNzk4.f5ng-9eAlMISjpUbxtja6tXNEwWrKooONbuyHtZqTU8g.r1mYEUz2KfPR5X8aBpG-lwjh2SK2ag3I36VDSsAO9JUg.JPEG/IMMc-tfHe1wKE8pbeGg9NKoWKTJA.jpg, thumbnail=https://search.pstatic.net/common/?src=http://post.phinf.naver.net/MjAxNzAxMjNfMjk3/MDAxNDg1MTU5NzMwNzk4.f5ng-9eAlMISjpUbxtja6tXNEwWrKooONbuyHtZqTU8g.r1mYEUz2KfPR5X8aBpG-lwjh2SK2ag3I36VDSsAO9JUg.JPEG/IMMc-tfHe1wKE8pbeGg9NKoWKTJA.jpg&type=b150, sizeheight=960, sizewidth=1280), SearchImgRes.SearchImgItem(title=단골 중국집 짜장과 짬뽕 - 음식-기타, link=http://i1.media.daumcdn.net/uf/image/U01/agora/5805720D4221E2003C, thumbnail=https://search.pstatic.net/sunny/?src=http://i1.media.daumcdn.net/uf/image/U01/agora/5805720D4221E2003C&type=b150, sizeheight=900, sizewidth=598), SearchImgRes.SearchImgItem(title=금룡 중국집, link=https://ldb-phinf.pstatic.net/20201111_25/1605060438101cia6E_JPEG/9KSuOeS26uKK19P9y6tMXv93.jpg, thumbnail=https://search.pstatic.net/common/?src=https://ldb-phinf.pstatic.net/20201111_25/1605060438101cia6E_JPEG/9KSuOeS26uKK19P9y6tMXv93.jpg&type=b150, sizeheight=4032, sizewidth=3024), SearchImgRes.SearchImgItem(title=성남동에 있는 맛있는 중국집 소개합니다 @성남시 중원구 | 당신 근처의 당근마켓 성남동에 있는 맛있는 중국집 소개합니다 @성남시 중원구, link=https://dnvefa72aowie.cloudfront.net/origin/article/202011/f15c0a8db2fdaae8b145478ed4a66a34124e26f2cd79b724685cf00534df2d02.webp, thumbnail=https://search.pstatic.net/sunny/?src=https://dnvefa72aowie.cloudfront.net/origin/article/202011/f15c0a8db2fdaae8b145478ed4a66a34124e26f2cd79b724685cf00534df2d02.webp&type=b150, sizeheight=1425, sizewidth=675)])

==============================
]]></system-out>
  <system-err><![CDATA[]]></system-err>
</testsuite>
