<?xml version="1.0" encoding="UTF-8"?>
<testsuite name="com.example.restaurant.wishlist.repository.WishListRepositoryTest" tests="1" skipped="0" failures="0" errors="0" timestamp="2021-07-18T06:57:20" hostname="singyeongseon-ui-MacBookAir.local" time="0.143">
  <properties/>
  <testcase name="findAll()" classname="com.example.restaurant.wishlist.repository.WishListRepositoryTest" time="0.143"/>
  <system-out><![CDATA[15:57:14.259 [Test worker] DEBUG org.springframework.test.context.BootstrapUtils - Instantiating CacheAwareContextLoaderDelegate from class [org.springframework.test.context.cache.DefaultCacheAwareContextLoaderDelegate]
15:57:14.263 [Test worker] DEBUG org.springframework.test.context.BootstrapUtils - Instantiating BootstrapContext using constructor [public org.springframework.test.context.support.DefaultBootstrapContext(java.lang.Class,org.springframework.test.context.CacheAwareContextLoaderDelegate)]
15:57:14.278 [Test worker] DEBUG org.springframework.test.context.BootstrapUtils - Instantiating TestContextBootstrapper for test class [com.example.restaurant.wishlist.repository.WishListRepositoryTest] from class [org.springframework.boot.test.context.SpringBootTestContextBootstrapper]
15:57:14.284 [Test worker] INFO org.springframework.boot.test.context.SpringBootTestContextBootstrapper - Neither @ContextConfiguration nor @ContextHierarchy found for test class [com.example.restaurant.wishlist.repository.WishListRepositoryTest], using SpringBootContextLoader
15:57:14.286 [Test worker] DEBUG org.springframework.test.context.support.AbstractContextLoader - Did not detect default resource location for test class [com.example.restaurant.wishlist.repository.WishListRepositoryTest]: class path resource [com/example/restaurant/wishlist/repository/WishListRepositoryTest-context.xml] does not exist
15:57:14.286 [Test worker] DEBUG org.springframework.test.context.support.AbstractContextLoader - Did not detect default resource location for test class [com.example.restaurant.wishlist.repository.WishListRepositoryTest]: class path resource [com/example/restaurant/wishlist/repository/WishListRepositoryTestContext.groovy] does not exist
15:57:14.286 [Test worker] INFO org.springframework.test.context.support.AbstractContextLoader - Could not detect default resource locations for test class [com.example.restaurant.wishlist.repository.WishListRepositoryTest]: no resource found for suffixes {-context.xml, Context.groovy}.
15:57:14.287 [Test worker] INFO org.springframework.test.context.support.AnnotationConfigContextLoaderUtils - Could not detect default configuration classes for test class [com.example.restaurant.wishlist.repository.WishListRepositoryTest]: WishListRepositoryTest does not declare any static, non-private, non-final, nested classes annotated with @Configuration.
15:57:14.316 [Test worker] DEBUG org.springframework.test.context.support.ActiveProfilesUtils - Could not find an 'annotation declaring class' for annotation type [org.springframework.test.context.ActiveProfiles] and class [com.example.restaurant.wishlist.repository.WishListRepositoryTest]
15:57:14.348 [Test worker] DEBUG org.springframework.context.annotation.ClassPathScanningCandidateComponentProvider - Identified candidate component class: file [/Users/singyeongseon/IdeaProjects/calculatorApi/restaurant/build/classes/java/main/com/example/restaurant/RestaurantApplication.class]
15:57:14.348 [Test worker] INFO org.springframework.boot.test.context.SpringBootTestContextBootstrapper - Found @SpringBootConfiguration com.example.restaurant.RestaurantApplication for test class com.example.restaurant.wishlist.repository.WishListRepositoryTest
15:57:14.390 [Test worker] DEBUG org.springframework.boot.test.context.SpringBootTestContextBootstrapper - @TestExecutionListeners is not present for class [com.example.restaurant.wishlist.repository.WishListRepositoryTest]: using defaults.
15:57:14.390 [Test worker] INFO org.springframework.boot.test.context.SpringBootTestContextBootstrapper - Loaded default TestExecutionListener class names from location [META-INF/spring.factories]: [org.springframework.boot.test.autoconfigure.restdocs.RestDocsTestExecutionListener, org.springframework.boot.test.autoconfigure.web.client.MockRestServiceServerResetTestExecutionListener, org.springframework.boot.test.autoconfigure.web.servlet.MockMvcPrintOnlyOnFailureTestExecutionListener, org.springframework.boot.test.autoconfigure.web.servlet.WebDriverTestExecutionListener, org.springframework.boot.test.autoconfigure.webservices.client.MockWebServiceServerTestExecutionListener, org.springframework.boot.test.mock.mockito.MockitoTestExecutionListener, org.springframework.boot.test.mock.mockito.ResetMocksTestExecutionListener, org.springframework.test.context.web.ServletTestExecutionListener, org.springframework.test.context.support.DirtiesContextBeforeModesTestExecutionListener, org.springframework.test.context.event.ApplicationEventsTestExecutionListener, org.springframework.test.context.support.DependencyInjectionTestExecutionListener, org.springframework.test.context.support.DirtiesContextTestExecutionListener, org.springframework.test.context.transaction.TransactionalTestExecutionListener, org.springframework.test.context.jdbc.SqlScriptsTestExecutionListener, org.springframework.test.context.event.EventPublishingTestExecutionListener]
15:57:14.397 [Test worker] DEBUG org.springframework.boot.test.context.SpringBootTestContextBootstrapper - Skipping candidate TestExecutionListener [org.springframework.test.context.transaction.TransactionalTestExecutionListener] due to a missing dependency. Specify custom listener classes or make the default listener classes and their required dependencies available. Offending class: [org/springframework/transaction/TransactionDefinition]
15:57:14.397 [Test worker] DEBUG org.springframework.boot.test.context.SpringBootTestContextBootstrapper - Skipping candidate TestExecutionListener [org.springframework.test.context.jdbc.SqlScriptsTestExecutionListener] due to a missing dependency. Specify custom listener classes or make the default listener classes and their required dependencies available. Offending class: [org/springframework/transaction/interceptor/TransactionAttribute]
15:57:14.397 [Test worker] INFO org.springframework.boot.test.context.SpringBootTestContextBootstrapper - Using TestExecutionListeners: [org.springframework.test.context.web.ServletTestExecutionListener@5f402101, org.springframework.test.context.support.DirtiesContextBeforeModesTestExecutionListener@193c84f0, org.springframework.test.context.event.ApplicationEventsTestExecutionListener@7bd0e7a5, org.springframework.boot.test.mock.mockito.MockitoTestExecutionListener@257b604f, org.springframework.boot.test.autoconfigure.SpringBootDependencyInjectionTestExecutionListener@7b6d15c8, org.springframework.test.context.support.DirtiesContextTestExecutionListener@60b1551, org.springframework.test.context.event.EventPublishingTestExecutionListener@7a1a27fa, org.springframework.boot.test.autoconfigure.restdocs.RestDocsTestExecutionListener@41d49ee, org.springframework.boot.test.autoconfigure.web.client.MockRestServiceServerResetTestExecutionListener@174ddff0, org.springframework.boot.test.autoconfigure.web.servlet.MockMvcPrintOnlyOnFailureTestExecutionListener@4932f1d5, org.springframework.boot.test.autoconfigure.web.servlet.WebDriverTestExecutionListener@62bc2afe, org.springframework.boot.test.autoconfigure.webservices.client.MockWebServiceServerTestExecutionListener@c005d7e, org.springframework.boot.test.mock.mockito.ResetMocksTestExecutionListener@754bb151]
15:57:14.401 [Test worker] DEBUG org.springframework.test.context.support.AbstractDirtiesContextTestExecutionListener - Before test class: context [DefaultTestContext@513614ad testClass = WishListRepositoryTest, testInstance = [null], testMethod = [null], testException = [null], mergedContextConfiguration = [WebMergedContextConfiguration@b04674f testClass = WishListRepositoryTest, locations = '{}', classes = '{class com.example.restaurant.RestaurantApplication}', contextInitializerClasses = '[]', activeProfiles = '{}', propertySourceLocations = '{}', propertySourceProperties = '{org.springframework.boot.test.context.SpringBootTestContextBootstrapper=true}', contextCustomizers = set[org.springframework.boot.test.autoconfigure.actuate.metrics.MetricsExportContextCustomizerFactory$DisableMetricExportContextCustomizer@7b4894e5, org.springframework.boot.test.autoconfigure.properties.PropertyMappingContextCustomizer@0, org.springframework.boot.test.autoconfigure.web.servlet.WebDriverContextCustomizerFactory$Customizer@69f2d2f8, org.springframework.boot.test.context.filter.ExcludeFilterContextCustomizer@5e5f7ebb, org.springframework.boot.test.json.DuplicateJsonObjectContextCustomizerFactory$DuplicateJsonObjectContextCustomizer@4fed7f72, org.springframework.boot.test.mock.mockito.MockitoContextCustomizer@0, org.springframework.boot.test.web.client.TestRestTemplateContextCustomizer@3296a9af, org.springframework.boot.test.context.SpringBootTestArgs@1, org.springframework.boot.test.context.SpringBootTestWebEnvironment@704ba0c9], resourceBasePath = 'src/main/webapp', contextLoader = 'org.springframework.boot.test.context.SpringBootContextLoader', parent = [null]], attributes = map['org.springframework.test.context.web.ServletTestExecutionListener.activateListener' -> true]], class annotated with @DirtiesContext [false] with mode [null].
15:57:14.415 [Test worker] DEBUG org.springframework.test.context.support.TestPropertySourceUtils - Adding inlined properties to environment: {spring.jmx.enabled=false, org.springframework.boot.test.context.SpringBootTestContextBootstrapper=true}

  .   ____          _            __ _ _
 /\\ / ___'_ __ _ _(_)_ __  __ _ \ \ \ \
( ( )\___ | '_ | '_| | '_ \/ _` | \ \ \ \
 \\/  ___)| |_)| | | | | || (_| |  ) ) ) )
  '  |____| .__|_| |_|_| |_\__, | / / / /
 =========|_|==============|___/=/_/_/_/
 :: Spring Boot ::                (v2.5.2)

2021-07-18 15:57:19.572  INFO 7110 --- [    Test worker] c.e.r.w.r.WishListRepositoryTest         : Starting WishListRepositoryTest using Java 11.0.11 on singyeongseon-ui-MacBookAir.local with PID 7110 (started by singyeongseon in /Users/singyeongseon/IdeaProjects/calculatorApi/restaurant)
2021-07-18 15:57:19.574  INFO 7110 --- [    Test worker] c.e.r.w.r.WishListRepositoryTest         : No active profile set, falling back to default profiles: default
2021-07-18 15:57:20.242  INFO 7110 --- [    Test worker] c.e.r.w.r.WishListRepositoryTest         : Started WishListRepositoryTest in 5.822 seconds (JVM running for 6.357)
]]></system-out>
  <system-err><![CDATA[]]></system-err>
</testsuite>
